Watching for file changes with StatReloader
[10/Jul/2026 21:39:09] "GET / HTTP/1.1" 200 29273
[10/Jul/2026 21:46:30] "GET / HTTP/1.1" 200 29273
[10/Jul/2026 21:46:30] "GET /static/css/open-iconic-bootstrap.min.css HTTP/1.1" 304 0
[10/Jul/2026 21:46:30] "GET /static/css/owl.carousel.min.css HTTP/1.1" 304 0
[10/Jul/2026 21:46:30] "GET /static/css/animate.css HTTP/1.1" 304 0
[10/Jul/2026 21:46:30] "GET /static/css/owl.theme.default.min.css HTTP/1.1" 304 0
[10/Jul/2026 21:46:30] "GET /static/css/magnific-popup.css HTTP/1.1" 304 0
[10/Jul/2026 21:46:30] "GET /static/css/aos.css HTTP/1.1" 304 0
[10/Jul/2026 21:46:30] "GET /static/css/ionicons.min.css HTTP/1.1" 304 0
[10/Jul/2026 21:46:30] "GET /static/css/jquery.timepicker.css HTTP/1.1" 304 0
[10/Jul/2026 21:46:30] "GET /static/css/style.css HTTP/1.1" 304 0
[10/Jul/2026 21:46:30] "GET /static/css/icomoon.css HTTP/1.1" 304 0
[10/Jul/2026 21:46:30] "GET /static/css/bootstrap-datepicker.css HTTP/1.1" 304 0
[10/Jul/2026 21:46:30] "GET /static/css/flaticon.css HTTP/1.1" 304 0
[10/Jul/2026 21:46:30] "GET /static/images/person_3.jpg HTTP/1.1" 304 0
[10/Jul/2026 21:46:30] "GET /static/images/person_1.jpg HTTP/1.1" 304 0
[10/Jul/2026 21:46:30] "GET /static/images/person_2.jpg HTTP/1.1" 304 0
[10/Jul/2026 21:46:30] "GET /static/js/jquery.min.js HTTP/1.1" 304 0
[10/Jul/2026 21:46:30] "GET /static/js/jquery.easing.1.3.js HTTP/1.1" 304 0
[10/Jul/2026 21:46:30] "GET /static/js/bootstrap.min.js HTTP/1.1" 304 0
[10/Jul/2026 21:46:30] "GET /static/js/jquery-migrate-3.0.1.min.js HTTP/1.1" 304 0
[10/Jul/2026 21:46:30] "GET /static/js/jquery.waypoints.min.js HTTP/1.1" 304 0
[10/Jul/2026 21:46:30] "GET /static/js/popper.min.js HTTP/1.1" 304 0
[10/Jul/2026 21:46:30] "GET /static/js/owl.carousel.min.js HTTP/1.1" 304 0
[10/Jul/2026 21:46:30] "GET /static/js/aos.js HTTP/1.1" 304 0
[10/Jul/2026 21:46:30] "GET /static/js/jquery.stellar.min.js HTTP/1.1" 304 0
[10/Jul/2026 21:46:30] "GET /static/js/jquery.magnific-popup.min.js HTTP/1.1" 304 0
[10/Jul/2026 21:46:30] "GET /static/js/bootstrap-datepicker.js HTTP/1.1" 304 0
[10/Jul/2026 21:46:30] "GET /static/js/main.js HTTP/1.1" 304 0
[10/Jul/2026 21:46:30] "GET /static/js/jquery.animateNumber.min.js HTTP/1.1" 304 0
[10/Jul/2026 21:46:30] "GET /static/js/jquery.timepicker.min.js HTTP/1.1" 304 0
[10/Jul/2026 21:46:30] "GET /static/images/about.jpg HTTP/1.1" 304 0
[10/Jul/2026 21:46:30] "GET /static/js/scrollax.min.js HTTP/1.1" 304 0
[10/Jul/2026 21:46:30] "GET /static/images/menu-1.jpg HTTP/1.1" 304 0
[10/Jul/2026 21:46:30] "GET /static/images/menu-3.jpg HTTP/1.1" 304 0
[10/Jul/2026 21:46:30] "GET /static/images/menu-4.jpg HTTP/1.1" 304 0
[10/Jul/2026 21:46:30] "GET /static/images/menu-2.jpg HTTP/1.1" 304 0
[10/Jul/2026 21:46:30] "GET /static/images/bg_2.jpg HTTP/1.1" 304 0
[10/Jul/2026 21:46:30] "GET /static/images/gallery-2.jpg HTTP/1.1" 304 0
[10/Jul/2026 21:46:30] "GET /static/images/gallery-1.jpg HTTP/1.1" 304 0
[10/Jul/2026 21:46:30] "GET /static/images/bg_1.jpg HTTP/1.1" 304 0
[10/Jul/2026 21:46:30] "GET /static/images/gallery-3.jpg HTTP/1.1" 304 0
[10/Jul/2026 21:46:30] "GET /static/images/gallery-4.jpg HTTP/1.1" 304 0
[10/Jul/2026 21:46:30] "GET /static/fonts/open-iconic/open-iconic.woff HTTP/1.1" 200 14984
[10/Jul/2026 21:46:30] "GET /static/images/bg_4.jpg HTTP/1.1" 304 0
[10/Jul/2026 21:46:30] "GET /static/fonts/amsterdam/amsterdam-two-ttf.ttf HTTP/1.1" 304 0
[10/Jul/2026 21:46:30] "GET /static/fonts/flaticon/font/Flaticon.woff HTTP/1.1" 304 0
[10/Jul/2026 21:46:30] "GET /static/fonts/icomoon/icomoon.ttf?6tt51o HTTP/1.1" 304 0
[10/Jul/2026 21:46:30] "GET /static/fonts/aloja/Aloja-extended.otf HTTP/1.1" 304 0
[10/Jul/2026 21:46:30] "GET /static/images/image_1.jpg HTTP/1.1" 304 0
[10/Jul/2026 21:46:30] "GET /static/images/image_2.jpg HTTP/1.1" 304 0
[10/Jul/2026 21:46:30] "GET /static/images/bg_3.jpg HTTP/1.1" 304 0
[10/Jul/2026 21:50:09] "GET / HTTP/1.1" 200 29525
[10/Jul/2026 21:50:22] "GET /static/images/kp1.mp4 HTTP/1.1" 200 27618981
[10/Jul/2026 21:50:22] "GET /static/images/kp2.mp4 HTTP/1.1" 200 25434476
[10/Jul/2026 21:50:22] "GET /static/images/kp3.mp4 HTTP/1.1" 200 10031774
[10/Jul/2026 22:10:16] "GET / HTTP/1.1" 200 29525
[10/Jul/2026 22:10:18] "GET /static/images/kp2.mp4 HTTP/1.1" 200 25434476
[10/Jul/2026 22:10:19] "GET /static/images/kp1.mp4 HTTP/1.1" 200 27618981
[10/Jul/2026 22:10:21] "GET /static/images/kp3.mp4 HTTP/1.1" 200 10031774
[10/Jul/2026 22:12:06] "GET / HTTP/1.1" 200 29525
[10/Jul/2026 22:12:06] "GET /static/css/open-iconic-bootstrap.min.css HTTP/1.1" 304 0
[10/Jul/2026 22:12:06] "GET /static/css/animate.css HTTP/1.1" 304 0
[10/Jul/2026 22:12:06] "GET /static/css/bootstrap-datepicker.css HTTP/1.1" 304 0
[10/Jul/2026 22:12:06] "GET /static/css/owl.carousel.min.css HTTP/1.1" 304 0
[10/Jul/2026 22:12:06] "GET /static/css/owl.theme.default.min.css HTTP/1.1" 304 0
[10/Jul/2026 22:12:06] "GET /static/css/magnific-popup.css HTTP/1.1" 304 0
[10/Jul/2026 22:12:06] "GET /static/css/aos.css HTTP/1.1" 304 0
[10/Jul/2026 22:12:06] "GET /static/css/jquery.timepicker.css HTTP/1.1" 304 0
[10/Jul/2026 22:12:06] "GET /static/css/ionicons.min.css HTTP/1.1" 304 0
[10/Jul/2026 22:12:06] "GET /static/css/style.css HTTP/1.1" 200 255448
[10/Jul/2026 22:12:06] "GET /static/css/flaticon.css HTTP/1.1" 304 0
[10/Jul/2026 22:12:06] "GET /static/css/icomoon.css HTTP/1.1" 304 0
[10/Jul/2026 22:12:06] "GET /static/images/person_1.jpg HTTP/1.1" 304 0
[10/Jul/2026 22:12:06] "GET /static/images/person_2.jpg HTTP/1.1" 304 0
[10/Jul/2026 22:12:06] "GET /static/js/jquery-migrate-3.0.1.min.js HTTP/1.1" 304 0
[10/Jul/2026 22:12:06] "GET /static/js/popper.min.js HTTP/1.1" 304 0
[10/Jul/2026 22:12:06] "GET /static/images/person_3.jpg HTTP/1.1" 304 0
[10/Jul/2026 22:12:06] "GET /static/js/bootstrap.min.js HTTP/1.1" 304 0
[10/Jul/2026 22:12:06] "GET /static/js/jquery.easing.1.3.js HTTP/1.1" 304 0
[10/Jul/2026 22:12:06] "GET /static/js/jquery.min.js HTTP/1.1" 200 328041
[10/Jul/2026 22:12:06] "GET /static/js/jquery.waypoints.min.js HTTP/1.1" 304 0
[10/Jul/2026 22:12:06] "GET /static/js/jquery.stellar.min.js HTTP/1.1" 304 0
[10/Jul/2026 22:12:06] "GET /static/js/jquery.magnific-popup.min.js HTTP/1.1" 304 0
[10/Jul/2026 22:12:06] "GET /static/js/owl.carousel.min.js HTTP/1.1" 304 0
[10/Jul/2026 22:12:06] "GET /static/js/aos.js HTTP/1.1" 304 0
[10/Jul/2026 22:12:06] "GET /static/js/jquery.animateNumber.min.js HTTP/1.1" 304 0
[10/Jul/2026 22:12:06] "GET /static/js/bootstrap-datepicker.js HTTP/1.1" 304 0
[10/Jul/2026 22:12:06] "GET /static/js/jquery.timepicker.min.js HTTP/1.1" 304 0
[10/Jul/2026 22:12:06] "GET /static/js/main.js HTTP/1.1" 304 0
[10/Jul/2026 22:12:06] "GET /static/js/scrollax.min.js HTTP/1.1" 304 0
[10/Jul/2026 22:12:06] "GET /static/images/bg_4.jpg HTTP/1.1" 200 249621
[10/Jul/2026 22:12:06] "GET /static/fonts/aloja/Aloja-extended.otf HTTP/1.1" 304 0
[10/Jul/2026 22:12:06] "GET /static/fonts/amsterdam/amsterdam-two-ttf.ttf HTTP/1.1" 200 101040
[10/Jul/2026 22:12:07] "GET /static/images/menu-2.jpg HTTP/1.1" 200 131294
[10/Jul/2026 22:12:07] "GET /static/images/about.jpg HTTP/1.1" 200 150891
[10/Jul/2026 22:12:07] "GET /static/images/bg_2.jpg HTTP/1.1" 200 167282
[10/Jul/2026 22:12:07] "GET /static/images/menu-1.jpg HTTP/1.1" 200 171411
[10/Jul/2026 22:12:07] "GET /static/images/menu-4.jpg HTTP/1.1" 304 0
[10/Jul/2026 22:12:07] "GET /static/images/menu-3.jpg HTTP/1.1" 304 0
[10/Jul/2026 22:12:07] "GET /static/images/gallery-1.jpg HTTP/1.1" 200 122130
[10/Jul/2026 22:12:07] "GET /static/images/gallery-2.jpg HTTP/1.1" 200 107210
[10/Jul/2026 22:12:07] "GET /static/images/gallery-3.jpg HTTP/1.1" 200 119073
[10/Jul/2026 22:12:07] "GET /static/images/gallery-4.jpg HTTP/1.1" 200 112536
[10/Jul/2026 22:12:07] "GET /static/images/image_1.jpg HTTP/1.1" 304 0
[10/Jul/2026 22:12:07] "GET /static/images/bg_1.jpg HTTP/1.1" 200 197887
[10/Jul/2026 22:12:07] "GET /static/images/image_2.jpg HTTP/1.1" 200 356621
[10/Jul/2026 22:12:07] "GET /static/fonts/flaticon/font/Flaticon.woff HTTP/1.1" 304 0
[10/Jul/2026 22:12:07] "GET /static/fonts/icomoon/icomoon.ttf?6tt51o HTTP/1.1" 200 307168
[10/Jul/2026 22:12:10] "GET /static/images/kp1.mp4 HTTP/1.1" 200 27618981
[10/Jul/2026 22:12:10] "GET /static/images/logo.png HTTP/1.1" 304 0
[10/Jul/2026 22:12:12] "GET /static/images/kp2.mp4 HTTP/1.1" 200 25434476
[10/Jul/2026 22:12:12,480] - Broken pipe from ('127.0.0.1', 61535)
[10/Jul/2026 22:12:12,571] - Broken pipe from ('127.0.0.1', 61532)
[10/Jul/2026 22:12:12,761] - Broken pipe from ('127.0.0.1', 61552)
[10/Jul/2026 22:12:12,991] - Broken pipe from ('127.0.0.1', 61555)
[10/Jul/2026 22:12:13,153] - Broken pipe from ('127.0.0.1', 61557)
[10/Jul/2026 22:12:13,273] - Broken pipe from ('127.0.0.1', 61571)
[10/Jul/2026 22:12:13] "GET /static/images/kp2.mp4 HTTP/1.1" 200 25434476
[10/Jul/2026 22:12:13,596] - Broken pipe from ('127.0.0.1', 61573)
[10/Jul/2026 22:12:31,528] - Broken pipe from ('127.0.0.1', 61305)
[10/Jul/2026 22:12:31,529] - Broken pipe from ('127.0.0.1', 61310)
[10/Jul/2026 22:12:31,813] - Broken pipe from ('127.0.0.1', 61604)
[10/Jul/2026 22:12:38] "GET /static/images/kp3.mp4 HTTP/1.1" 200 10031774
